<?xml version="1.0" encoding="UTF-8"?>
<testsuite name="ApiApiTest" tests="1" skipped="0" failures="0" errors="0" timestamp="2024-05-08T06:03:14" hostname="Tigra-ps" time="0.339">
  <properties/>
  <testcase name="pdfWebapiComparisonPostTest" classname="ApiApiTest" time="0.339"/>
  <system-out><![CDATA[Hello
]]></system-out>
  <system-err><![CDATA[]]></system-err>
</testsuite>
